<?xml version="1.0" encoding="UTF-8"?>
<!-- Generated by org.testng.reporters.JUnitReportReporter -->
<testsuite hostname="DESKTOP-G2BVK46" failures="0" tests="1" name="com.jalatechnologiesv1.TestCases.TC_SearchTest_004" time="9.365" errors="0" timestamp="01 Feb 2023 07:38:23 GMT" skipped="0">
  <testcase classname="com.jalatechnologiesv1.TestCases.TC_SearchTest_004" name="searchData" time="9.365"/>
</testsuite> <!-- com.jalatechnologiesv1.TestCases.TC_SearchTest_004 -->
